0 info it worked if it ends with ok
1 verbose cli [ '/home/ubuntu/.nvm/versions/node/v4.4.3/bin/node',
1 verbose cli   '/home/ubuntu/.nvm/versions/node/v4.4.3/bin/npm',
1 verbose cli   'publish' ]
2 info using npm@2.15.1
3 info using node@v4.4.3
4 verbose publish [ '.' ]
5 silly cache add args [ '.', null ]
6 verbose cache add spec .
7 silly cache add parsed spec Result {
7 silly cache add   raw: '.',
7 silly cache add   scope: null,
7 silly cache add   name: null,
7 silly cache add   rawSpec: '.',
7 silly cache add   spec: '/home/ubuntu/workspace/git/config-converter',
7 silly cache add   type: 'directory' }
8 verbose addLocalDirectory /home/ubuntu/.npm/config-converter/1.0.0/package.tgz not in flight; packing
9 verbose correctMkdir /home/ubuntu/.npm correctMkdir not in flight; initializing
10 verbose tar pack [ '/home/ubuntu/.npm/config-converter/1.0.0/package.tgz',
10 verbose tar pack   '/home/ubuntu/workspace/git/config-converter' ]
11 verbose tarball /home/ubuntu/.npm/config-converter/1.0.0/package.tgz
12 verbose folder /home/ubuntu/workspace/git/config-converter
13 info prepublish config-converter@1.0.0
14 verbose addLocalTarball adding from inside cache /home/ubuntu/.npm/config-converter/1.0.0/package.tgz
15 verbose correctMkdir /home/ubuntu/.npm correctMkdir not in flight; initializing
16 silly cache afterAdd config-converter@1.0.0
17 verbose afterAdd /home/ubuntu/.npm/config-converter/1.0.0/package/package.json not in flight; writing
18 verbose correctMkdir /home/ubuntu/.npm correctMkdir not in flight; initializing
19 verbose afterAdd /home/ubuntu/.npm/config-converter/1.0.0/package/package.json written
20 silly publish { name: 'config-converter',
20 silly publish   version: '1.0.0',
20 silly publish   description: 'Convert config',
20 silly publish   bin: { 'config-converter': './bin/config-converter' },
20 silly publish   main: './index.js',
20 silly publish   preferGlobal: true,
20 silly publish   scripts: { test: 'mocha --reporter spec test' },
20 silly publish   repository:
20 silly publish    { type: 'git',
20 silly publish      url: 'git+https://github.com/perfilyev/hexlet-converter.git' },
20 silly publish   author: { name: 'perfilyevhead@gmail.com' },
20 silly publish   license: 'ISC',
20 silly publish   bugs: { url: 'https://github.com/perfilyev/hexlet-converter/issues' },
20 silly publish   homepage: 'https://github.com/perfilyev/hexlet-converter#readme',
20 silly publish   dependencies:
20 silly publish    { 'js-yaml': '^3.6.1',
20 silly publish      'node-xml-lite': '0.0.7',
20 silly publish      xml2js: '^0.4.16' },
20 silly publish   devDependencies: { chai: '^3.5.0', mocha: '^2.4.5' },
20 silly publish   readme: '# config-converter\nstep 1\n```\nnpm i -g config-converter\n```\nstep 2\n```\nconfig-converter config.json config.yml\n\n```',
20 silly publish   readmeFilename: 'README.md',
20 silly publish   gitHead: 'e973d9810f642ef888ed952281b2136012eca005',
20 silly publish   _id: 'config-converter@1.0.0',
20 silly publish   _shasum: '0ffa1b9022cd210f3f527780b48cf0c44f923483',
20 silly publish   _from: '.' }
21 verbose getPublishConfig undefined
22 silly mapToRegistry name config-converter
23 silly mapToRegistry using default registry
24 silly mapToRegistry registry https://registry.npmjs.org/
25 silly mapToRegistry data Result {
25 silly mapToRegistry   raw: 'config-converter',
25 silly mapToRegistry   scope: null,
25 silly mapToRegistry   name: 'config-converter',
25 silly mapToRegistry   rawSpec: '',
25 silly mapToRegistry   spec: 'latest',
25 silly mapToRegistry   type: 'tag' }
26 silly mapToRegistry uri https://registry.npmjs.org/config-converter
27 verbose publish registryBase https://registry.npmjs.org/
28 silly publish uploading /home/ubuntu/.npm/config-converter/1.0.0/package.tgz
29 verbose stack Error: auth required for publishing
29 verbose stack     at CachingRegistryClient.publish (/home/ubuntu/.nvm/versions/node/v4.4.3/lib/node_modules/npm/node_modules/npm-registry-client/lib/publish.js:30:14)
29 verbose stack     at /home/ubuntu/.nvm/versions/node/v4.4.3/lib/node_modules/npm/lib/publish.js:134:14
29 verbose stack     at mapToRegistry (/home/ubuntu/.nvm/versions/node/v4.4.3/lib/node_modules/npm/lib/utils/map-to-registry.js:62:3)
29 verbose stack     at publish_ (/home/ubuntu/.nvm/versions/node/v4.4.3/lib/node_modules/npm/lib/publish.js:104:3)
29 verbose stack     at Array.<anonymous> (/home/ubuntu/.nvm/versions/node/v4.4.3/lib/node_modules/npm/node_modules/slide/lib/bind-actor.js:15:8)
29 verbose stack     at LOOP (/home/ubuntu/.nvm/versions/node/v4.4.3/lib/node_modules/npm/node_modules/slide/lib/chain.js:15:14)
29 verbose stack     at LOOP (/home/ubuntu/.nvm/versions/node/v4.4.3/lib/node_modules/npm/node_modules/slide/lib/chain.js:14:28)
29 verbose stack     at chain (/home/ubuntu/.nvm/versions/node/v4.4.3/lib/node_modules/npm/node_modules/slide/lib/chain.js:20:5)
29 verbose stack     at /home/ubuntu/.nvm/versions/node/v4.4.3/lib/node_modules/npm/lib/publish.js:73:5
29 verbose stack     at RES (/home/ubuntu/.nvm/versions/node/v4.4.3/lib/node_modules/npm/node_modules/inflight/inflight.js:23:14)
30 verbose cwd /home/ubuntu/workspace/git/config-converter
31 error Linux 4.2.0-c9
32 error argv "/home/ubuntu/.nvm/versions/node/v4.4.3/bin/node" "/home/ubuntu/.nvm/versions/node/v4.4.3/bin/npm" "publish"
33 error node v4.4.3
34 error npm  v2.15.1
35 error code ENEEDAUTH
36 error need auth auth required for publishing
36 error need auth You need to authorize this machine using `npm adduser`
37 verbose exit [ 1, true ]
